Vivado Simulator v2021.1
Copyright 1986-1999, 2001-2021 Xilinx, Inc. All Rights Reserved.
Running: C:/Xilinx/Vivado/2021.1/bin/unwrapped/win64.o/xelab.exe -wto 9bec0c295b104bc78435ec695854aefc --incr --debug typical --relax --mt 2 -L xil_defaultlib -L secureip -L xpm --snapshot bowling_tb_behav xil_defaultlib.bowling_tb -log elaborate.log 
Using 2 slave threads.
Starting static elaboration
Completed static elaboration
Starting simulation data flow analysis
Completed simulation data flow analysis
Time Resolution for simulation is 1ps
Compiling package std.standard
Compiling package std.textio
Compiling package ieee.std_logic_1164
Compiling package ieee.numeric_std
Compiling package unisim.vcomponents
Compiling package ieee.std_logic_arith
Compiling package ieee.std_logic_unsigned
Compiling architecture clock_div_25mhz_arc of entity xil_defaultlib.clock_div_25Mhz [clock_div_25mhz_default]
Compiling architecture bowling_game_clock_div_25mhz_0_0_arch of entity xil_defaultlib.bowling_game_clock_div_25Mhz_0_0 [bowling_game_clock_div_25mhz_0_0...]
Compiling architecture behavioral of entity xil_defaultlib.controller [controller_default]
Compiling architecture bowling_game_controller_0_0_arch of entity xil_defaultlib.bowling_game_controller_0_0 [bowling_game_controller_0_0_defa...]
Compiling architecture framebuffer_arch of entity xil_defaultlib.framebuffer [framebuffer_default]
Compiling architecture bowling_game_framebuffer_0_0_arch of entity xil_defaultlib.bowling_game_framebuffer_0_0 [bowling_game_framebuffer_0_0_def...]
Compiling architecture pxl_pshr of entity xil_defaultlib.pixel_pusher [pixel_pusher_default]
Compiling architecture bowling_game_pixel_pusher_0_0_arch of entity xil_defaultlib.bowling_game_pixel_pusher_0_0 [bowling_game_pixel_pusher_0_0_de...]
Compiling architecture vga_controller of entity xil_defaultlib.vga_ctrl [vga_ctrl_default]
Compiling architecture bowling_game_vga_ctrl_0_0_arch of entity xil_defaultlib.bowling_game_vga_ctrl_0_0 [bowling_game_vga_ctrl_0_0_defaul...]
Compiling architecture structure of entity xil_defaultlib.bowling_game [bowling_game_default]
Compiling architecture structure of entity xil_defaultlib.bowling_game_wrapper [bowling_game_wrapper_default]
Compiling architecture behavioral of entity xil_defaultlib.bowling_tb
Built simulation snapshot bowling_tb_behav
