#
# An unexpected error has occurred (11)
#
Stack:
/home/software/Xilinx/Vivado/2021.1/tps/lnx64/jre11.0.2/lib//server/libjvm.so(+0xc04c3b) [0x7fe2b7d97c3b]
/home/software/Xilinx/Vivado/2021.1/tps/lnx64/jre11.0.2/lib//server/libjvm.so(JVM_handle_linux_signal+0x14e) [0x7fe2b7d9c8de]
/home/software/Xilinx/Vivado/2021.1/tps/lnx64/jre11.0.2/lib//server/libjvm.so(+0xbfd538) [0x7fe2b7d90538]
/lib/x86_64-linux-gnu/libc.so.6(+0x430c0) [0x7fe3109910c0]
/home/software/Xilinx/Vivado/2021.1/lib/lnx64.o/librdi_wavedata.so(WVDAppInterface::WVDWindowManager::createWcfg(std::__cxx11::basic_string<char, std::char_traits<char>, std::allocator<char> > const&)+0x4f5) [0x7fe2c80c0125]
/home/software/Xilinx/Vivado/2021.1/lib/lnx64.o/librdi_wavedatatasks.so(WVWaveObjectOptionsImp::parseOptions()+0x241) [0x7fe269225281]
/home/software/Xilinx/Vivado/2021.1/lib/lnx64.o/librdi_wavedatatasks.so(+0xe0263) [0x7fe2691ee263]
/home/software/Xilinx/Vivado/2021.1/lib/lnx64.o/librdi_common.so(+0xa66802) [0x7fe311d75802]
/home/software/Xilinx/Vivado/2021.1/lib/lnx64.o/libtcl8.5.so(+0x3356f) [0x7fe30c03756f]
/home/software/Xilinx/Vivado/2021.1/lib/lnx64.o/libtcl8.5.so(+0x76945) [0x7fe30c07a945]
/home/software/Xilinx/Vivado/2021.1/lib/lnx64.o/libtcl8.5.so(+0x7e0f9) [0x7fe30c0820f9]
/home/software/Xilinx/Vivado/2021.1/lib/lnx64.o/libtcl8.5.so(TclEvalObjEx+0x76) [0x7fe30c039216]
/home/software/Xilinx/Vivado/2021.1/lib/lnx64.o/libtcl8.5.so(+0x3e824) [0x7fe30c042824]
/home/software/Xilinx/Vivado/2021.1/lib/lnx64.o/libtcl8.5.so(+0x3356f) [0x7fe30c03756f]
/home/software/Xilinx/Vivado/2021.1/lib/lnx64.o/libtcl8.5.so(+0x76945) [0x7fe30c07a945]
/home/software/Xilinx/Vivado/2021.1/lib/lnx64.o/libtcl8.5.so(+0x7e0f9) [0x7fe30c0820f9]
/home/software/Xilinx/Vivado/2021.1/lib/lnx64.o/libtcl8.5.so(TclEvalObjEx+0x76) [0x7fe30c039216]
/home/software/Xilinx/Vivado/2021.1/lib/lnx64.o/libtcl8.5.so(+0x3e824) [0x7fe30c042824]
/home/software/Xilinx/Vivado/2021.1/lib/lnx64.o/libtcl8.5.so(+0x3356f) [0x7fe30c03756f]
/home/software/Xilinx/Vivado/2021.1/lib/lnx64.o/libtcl8.5.so(+0x34bf8) [0x7fe30c038bf8]
/home/software/Xilinx/Vivado/2021.1/lib/lnx64.o/libtcl8.5.so(Tcl_EvalEx+0x13) [0x7fe30c039163]
/home/software/Xilinx/Vivado/2021.1/lib/lnx64.o/libtcl8.5.so(Tcl_FSEvalFileEx+0x1da) [0x7fe30c09dd2a]
/home/software/Xilinx/Vivado/2021.1/lib/lnx64.o/librdi_commontasks.so(+0x2081ed) [0x7fe3049b21ed]
/home/software/Xilinx/Vivado/2021.1/lib/lnx64.o/librdi_common.so(+0xa66802) [0x7fe311d75802]
/home/software/Xilinx/Vivado/2021.1/lib/lnx64.o/libtcl8.5.so(+0x3356f) [0x7fe30c03756f]
/home/software/Xilinx/Vivado/2021.1/lib/lnx64.o/libtcl8.5.so(Tcl_EvalObjv+0x32) [0x7fe30c0376a2]
/home/software/Xilinx/Vivado/2021.1/lib/lnx64.o/libtcl8.5.so(TclEvalObjEx+0x322) [0x7fe30c0394c2]
/home/software/Xilinx/Vivado/2021.1/lib/lnx64.o/librdi_common.so(hdi::tcltasks::task_manager::eval_in_tcl(Tcl_Interp*, Tcl_Obj*, char const*, bool)+0xaa1) [0x7fe311d77611]
/home/software/Xilinx/Vivado/2021.1/lib/lnx64.o/librdi_simtcltasks.so(RSTTclHelper::processTclbatchOption(hdi::tcltasks::task_options_base&, Tcl_Interp*)+0x114) [0x7fe265363bc4]
/home/software/Xilinx/Vivado/2021.1/lib/lnx64.o/librdi_simtcltasks.so(+0x1eb634) [0x7fe265486634]
/home/software/Xilinx/Vivado/2021.1/lib/lnx64.o/librdi_common.so(+0xa66802) [0x7fe311d75802]
/home/software/Xilinx/Vivado/2021.1/lib/lnx64.o/libtcl8.5.so(+0x3356f) [0x7fe30c03756f]
/home/software/Xilinx/Vivado/2021.1/lib/lnx64.o/libtcl8.5.so(+0x76945) [0x7fe30c07a945]
/home/software/Xilinx/Vivado/2021.1/lib/lnx64.o/libtcl8.5.so(+0x7e0f9) [0x7fe30c0820f9]
/home/software/Xilinx/Vivado/2021.1/lib/lnx64.o/libtcl8.5.so(TclEvalObjEx+0x76) [0x7fe30c039216]
/home/software/Xilinx/Vivado/2021.1/lib/lnx64.o/librdi_common.so(hdi::tcltasks::task_manager::eval_in_tcl(Tcl_Interp*, Tcl_Obj*, char const*, bool)+0xaa1) [0x7fe311d77611]
/home/software/Xilinx/Vivado/2021.1/lib/lnx64.o/librdi_common.so(hdi::tcltasks::task_manager::eval_in_tcl(Tcl_Interp*, char const*, char const*, bool)+0x102) [0x7fe311d77c62]
/home/software/Xilinx/Vivado/2021.1/lib/lnx64.o/librdi_common.so(hdi::tcltasks::task_manager::eval_in_tcl_throw(Tcl_Interp*, char const*, char const*, bool)+0x10) [0x7fe311d77d10]
/home/software/Xilinx/Vivado/2021.1/lib/lnx64.o/librdi_simtcltasks.so(+0x1e6fe6) [0x7fe265481fe6]
/home/software/Xilinx/Vivado/2021.1/lib/lnx64.o/librdi_common.so(+0xa66802) [0x7fe311d75802]
/home/software/Xilinx/Vivado/2021.1/lib/lnx64.o/libtcl8.5.so(+0x3356f) [0x7fe30c03756f]
/home/software/Xilinx/Vivado/2021.1/lib/lnx64.o/libtcl8.5.so(+0x76945) [0x7fe30c07a945]
/home/software/Xilinx/Vivado/2021.1/lib/lnx64.o/libtcl8.5.so(+0x7e0f9) [0x7fe30c0820f9]
/home/software/Xilinx/Vivado/2021.1/lib/lnx64.o/libtcl8.5.so(TclEvalObjEx+0x76) [0x7fe30c039216]
/home/software/Xilinx/Vivado/2021.1/lib/lnx64.o/librdi_common.so(+0xa650ef) [0x7fe311d740ef]
/home/software/Xilinx/Vivado/2021.1/lib/lnx64.o/libtcl8.5.so(Tcl_ServiceEvent+0x7f) [0x7fe30c0abbef]
/home/software/Xilinx/Vivado/2021.1/lib/lnx64.o/libtcl8.5.so(Tcl_DoOneEvent+0x154) [0x7fe30c0abf24]
/home/software/Xilinx/Vivado/2021.1/lib/lnx64.o/librdi_commontasks.so(+0x24a955) [0x7fe3049f4955]
/home/software/Xilinx/Vivado/2021.1/lib/lnx64.o/librdi_commontasks.so(+0x24da85) [0x7fe3049f7a85]
/home/software/Xilinx/Vivado/2021.1/lib/lnx64.o/librdi_commontasks.so(+0x24eaae) [0x7fe3049f8aae]
/home/software/Xilinx/Vivado/2021.1/lib/lnx64.o/librdi_common.so(+0xa66802) [0x7fe311d75802]
/home/software/Xilinx/Vivado/2021.1/lib/lnx64.o/libtcl8.5.so(+0x3356f) [0x7fe30c03756f]
/home/software/Xilinx/Vivado/2021.1/lib/lnx64.o/libtcl8.5.so(+0x76945) [0x7fe30c07a945]
/home/software/Xilinx/Vivado/2021.1/lib/lnx64.o/libtcl8.5.so(+0x7e0f9) [0x7fe30c0820f9]
/home/software/Xilinx/Vivado/2021.1/lib/lnx64.o/libtcl8.5.so(TclEvalObjEx+0x76) [0x7fe30c039216]
/home/software/Xilinx/Vivado/2021.1/lib/lnx64.o/librdi_commonmain.so(+0xce23) [0x7fe311105e23]
/home/software/Xilinx/Vivado/2021.1/lib/lnx64.o/libtcl8.5.so(Tcl_Main+0x1d0) [0x7fe30c0a42f0]
/home/software/Xilinx/Vivado/2021.1/lib/lnx64.o/librdi_common.so(+0xaa710b) [0x7fe311db610b]
/lib/x86_64-linux-gnu/libpthread.so.0(+0x8609) [0x7fe310933609]
/lib/x86_64-linux-gnu/libc.so.6(clone+0x43) [0x7fe310a6d163]
