INFO: [VRFC 10-163] Analyzing VHDL file "/home/user/Documents/VHDL_Bowling/Final_Project.srcs/sources_1/new/clock_div_25Mhz.vhd" into library xil_defaultlib
INFO: [VRFC 10-3107] analyzing entity 'clock_div_25Mhz'
INFO: [VRFC 10-163] Analyzing VHDL file "/home/user/Documents/VHDL_Bowling/Final_Project.srcs/sources_1/new/pixel_pusher.vhd" into library xil_defaultlib
INFO: [VRFC 10-3107] analyzing entity 'pixel_pusher'
INFO: [VRFC 10-163] Analyzing VHDL file "/home/user/Documents/VHDL_Bowling/Final_Project.srcs/sources_1/new/framebuffer.vhd" into library xil_defaultlib
INFO: [VRFC 10-3107] analyzing entity 'framebuffer'
INFO: [VRFC 10-163] Analyzing VHDL file "/home/user/Documents/VHDL_Bowling/Final_Project.srcs/sources_1/new/vga_ctrl.vhd" into library xil_defaultlib
INFO: [VRFC 10-3107] analyzing entity 'vga_ctrl'
INFO: [VRFC 10-163] Analyzing VHDL file "/home/user/Documents/VHDL_Bowling/Final_Project.srcs/sources_1/new/controller.vhd" into library xil_defaultlib
INFO: [VRFC 10-3107] analyzing entity 'controller'
INFO: [VRFC 10-163] Analyzing VHDL file "/home/user/Documents/VHDL_Bowling/Final_Project.ip_user_files/bd/bowling_game/sim/bowling_game.vhd" into library xil_defaultlib
INFO: [VRFC 10-3107] analyzing entity 'bowling_game'
INFO: [VRFC 10-163] Analyzing VHDL file "/home/user/Documents/VHDL_Bowling/Final_Project.ip_user_files/bd/bowling_game/ip/bowling_game_clock_div_25Mhz_0_0_2/sim/bowling_game_clock_div_25Mhz_0_0.vhd" into library xil_defaultlib
INFO: [VRFC 10-3107] analyzing entity 'bowling_game_clock_div_25Mhz_0_0'
INFO: [VRFC 10-163] Analyzing VHDL file "/home/user/Documents/VHDL_Bowling/Final_Project.ip_user_files/bd/bowling_game/ip/bowling_game_pixel_pusher_0_0_2/sim/bowling_game_pixel_pusher_0_0.vhd" into library xil_defaultlib
INFO: [VRFC 10-3107] analyzing entity 'bowling_game_pixel_pusher_0_0'
INFO: [VRFC 10-163] Analyzing VHDL file "/home/user/Documents/VHDL_Bowling/Final_Project.ip_user_files/bd/bowling_game/ip/bowling_game_framebuffer_0_0_2/sim/bowling_game_framebuffer_0_0.vhd" into library xil_defaultlib
INFO: [VRFC 10-3107] analyzing entity 'bowling_game_framebuffer_0_0'
INFO: [VRFC 10-163] Analyzing VHDL file "/home/user/Documents/VHDL_Bowling/Final_Project.ip_user_files/bd/bowling_game/ip/bowling_game_vga_ctrl_0_0_2/sim/bowling_game_vga_ctrl_0_0.vhd" into library xil_defaultlib
INFO: [VRFC 10-3107] analyzing entity 'bowling_game_vga_ctrl_0_0'
INFO: [VRFC 10-163] Analyzing VHDL file "/home/user/Documents/VHDL_Bowling/Final_Project.ip_user_files/bd/bowling_game/ip/bowling_game_controller_0_0_1/sim/bowling_game_controller_0_0.vhd" into library xil_defaultlib
INFO: [VRFC 10-3107] analyzing entity 'bowling_game_controller_0_0'
INFO: [VRFC 10-163] Analyzing VHDL file "/home/user/Documents/VHDL_Bowling/Final_Project.gen/sources_1/bd/bowling_game/hdl/bowling_game_wrapper.vhd" into library xil_defaultlib
INFO: [VRFC 10-3107] analyzing entity 'bowling_game_wrapper'
INFO: [VRFC 10-163] Analyzing VHDL file "/home/user/Documents/VHDL_Bowling/Final_Project.srcs/sources_1/new/bowling_tb.vhd" into library xil_defaultlib
INFO: [VRFC 10-3107] analyzing entity 'bowling_tb'
