
*** Running vivado
    with args -log bowling_game_vga_ctrl_0_0.vds -m64 -product Vivado -mode batch -messageDb vivado.pb -notrace -source bowling_game_vga_ctrl_0_0.tcl


****** Vivado v2021.1 (64-bit)
  **** SW Build 3247384 on Thu Jun 10 19:36:07 MDT 2021
  **** IP Build 3246043 on Fri Jun 11 00:30:35 MDT 2021
    ** Copyright 1986-2021 Xilinx, Inc. All Rights Reserved.

source bowling_game_vga_ctrl_0_0.tcl -notrace
INFO: [IP_Flow 19-234] Refreshing IP repositories
INFO: [IP_Flow 19-1704] No user IP repositories specified
INFO: [IP_Flow 19-2313] Loaded Vivado IP repository '/home/software/Xilinx/Vivado/2021.1/data/ip'.
Command: synth_design -top bowling_game_vga_ctrl_0_0 -part xc7z010clg400-1 -mode out_of_context
Starting synth_design
Attempting to get a license for feature 'Synthesis' and/or device 'xc7z010'
INFO: [Common 17-349] Got license for feature 'Synthesis' and/or device 'xc7z010'
INFO: [Synth 8-7079] Multithreading enabled for synth_design using a maximum of 4 processes.
INFO: [Synth 8-7078] Launching helper process for spawning children vivado processes
INFO: [Synth 8-7075] Helper process launched with PID 231313
---------------------------------------------------------------------------------
Starting Synthesize : Time (s): cpu = 00:00:02 ; elapsed = 00:00:03 . Memory (MB): peak = 2476.254 ; gain = 0.000 ; free physical = 3766 ; free virtual = 21172
---------------------------------------------------------------------------------
INFO: [Synth 8-638] synthesizing module 'bowling_game_vga_ctrl_0_0' [/home/user/Downloads/Final_Project/Final_Project.gen/sources_1/bd/bowling_game/ip/bowling_game_vga_ctrl_0_0_1/synth/bowling_game_vga_ctrl_0_0.vhd:69]
INFO: [Synth 8-3491] module 'vga_ctrl' declared at '/home/user/Downloads/Final_Project/Final_Project.srcs/sources_1/new/vga_ctrl.vhd:34' bound to instance 'U0' of component 'vga_ctrl' [/home/user/Downloads/Final_Project/Final_Project.gen/sources_1/bd/bowling_game/ip/bowling_game_vga_ctrl_0_0_1/synth/bowling_game_vga_ctrl_0_0.vhd:97]
INFO: [Synth 8-638] synthesizing module 'vga_ctrl' [/home/user/Downloads/Final_Project/Final_Project.srcs/sources_1/new/vga_ctrl.vhd:46]
INFO: [Synth 8-256] done synthesizing module 'vga_ctrl' (1#1) [/home/user/Downloads/Final_Project/Final_Project.srcs/sources_1/new/vga_ctrl.vhd:46]
INFO: [Synth 8-256] done synthesizing module 'bowling_game_vga_ctrl_0_0' (2#1) [/home/user/Downloads/Final_Project/Final_Project.gen/sources_1/bd/bowling_game/ip/bowling_game_vga_ctrl_0_0_1/synth/bowling_game_vga_ctrl_0_0.vhd:69]
---------------------------------------------------------------------------------
Finished Synthesize : Time (s): cpu = 00:00:03 ; elapsed = 00:00:03 . Memory (MB): peak = 2476.254 ; gain = 0.000 ; free physical = 2448 ; free virtual = 19854
---------------------------------------------------------------------------------
---------------------------------------------------------------------------------
Finished Constraint Validation : Time (s): cpu = 00:00:03 ; elapsed = 00:00:04 . Memory (MB): peak = 2476.254 ; gain = 0.000 ; free physical = 2069 ; free virtual = 19475
---------------------------------------------------------------------------------
---------------------------------------------------------------------------------
Start Loading Part and Timing Information
---------------------------------------------------------------------------------
Loading part: xc7z010clg400-1
---------------------------------------------------------------------------------
Finished Loading Part and Timing Information : Time (s): cpu = 00:00:03 ; elapsed = 00:00:04 . Memory (MB): peak = 2484.129 ; gain = 7.875 ; free physical = 2069 ; free virtual = 19475
---------------------------------------------------------------------------------
INFO: [Device 21-403] Loading part xc7z010clg400-1
---------------------------------------------------------------------------------
Finished RTL Optimization Phase 2 : Time (s): cpu = 00:00:04 ; elapsed = 00:00:04 . Memory (MB): peak = 2484.129 ; gain = 7.875 ; free physical = 2067 ; free virtual = 19473
---------------------------------------------------------------------------------
No constraint files found.
---------------------------------------------------------------------------------
Start RTL Component Statistics 
---------------------------------------------------------------------------------
Detailed RTL Component Info : 
+---Adders : 
	   2 Input   10 Bit       Adders := 2     
+---Registers : 
	               10 Bit    Registers := 2     
---------------------------------------------------------------------------------
Finished RTL Component Statistics 
---------------------------------------------------------------------------------
---------------------------------------------------------------------------------
Start Part Resource Summary
---------------------------------------------------------------------------------
Part Resources:
DSPs: 80 (col length:40)
BRAMs: 120 (col length: RAMB18 40 RAMB36 20)
---------------------------------------------------------------------------------
Finished Part Resource Summary
---------------------------------------------------------------------------------
No constraint files found.
---------------------------------------------------------------------------------
Start Cross Boundary and Area Optimization
---------------------------------------------------------------------------------
---------------------------------------------------------------------------------
Finished Cross Boundary and Area Optimization : Time (s): cpu = 00:00:06 ; elapsed = 00:00:07 . Memory (MB): peak = 2484.129 ; gain = 7.875 ; free physical = 3256 ; free virtual = 20662
---------------------------------------------------------------------------------
No constraint files found.
---------------------------------------------------------------------------------
Start Timing Optimization
---------------------------------------------------------------------------------
---------------------------------------------------------------------------------
Finished Timing Optimization : Time (s): cpu = 00:00:06 ; elapsed = 00:00:07 . Memory (MB): peak = 2484.129 ; gain = 7.875 ; free physical = 3250 ; free virtual = 20657
---------------------------------------------------------------------------------
---------------------------------------------------------------------------------
Start Technology Mapping
---------------------------------------------------------------------------------
---------------------------------------------------------------------------------
Finished Technology Mapping : Time (s): cpu = 00:00:06 ; elapsed = 00:00:07 . Memory (MB): peak = 2484.129 ; gain = 7.875 ; free physical = 3253 ; free virtual = 20659
---------------------------------------------------------------------------------
---------------------------------------------------------------------------------
Start IO Insertion
---------------------------------------------------------------------------------
---------------------------------------------------------------------------------
Start Flattening Before IO Insertion
---------------------------------------------------------------------------------
---------------------------------------------------------------------------------
Finished Flattening Before IO Insertion
---------------------------------------------------------------------------------
---------------------------------------------------------------------------------
Start Final Netlist Cleanup
---------------------------------------------------------------------------------
---------------------------------------------------------------------------------
Finished Final Netlist Cleanup
---------------------------------------------------------------------------------
---------------------------------------------------------------------------------
Finished IO Insertion : Time (s): cpu = 00:00:09 ; elapsed = 00:00:09 . Memory (MB): peak = 2484.129 ; gain = 7.875 ; free physical = 3244 ; free virtual = 20650
---------------------------------------------------------------------------------
---------------------------------------------------------------------------------
Start Renaming Generated Instances
---------------------------------------------------------------------------------
---------------------------------------------------------------------------------
Finished Renaming Generated Instances : Time (s): cpu = 00:00:09 ; elapsed = 00:00:09 . Memory (MB): peak = 2484.129 ; gain = 7.875 ; free physical = 3244 ; free virtual = 20650
---------------------------------------------------------------------------------
---------------------------------------------------------------------------------
Start Rebuilding User Hierarchy
---------------------------------------------------------------------------------
---------------------------------------------------------------------------------
Finished Rebuilding User Hierarchy : Time (s): cpu = 00:00:09 ; elapsed = 00:00:09 . Memory (MB): peak = 2484.129 ; gain = 7.875 ; free physical = 3244 ; free virtual = 20650
---------------------------------------------------------------------------------
---------------------------------------------------------------------------------
Start Renaming Generated Ports
---------------------------------------------------------------------------------
---------------------------------------------------------------------------------
Finished Renaming Generated Ports : Time (s): cpu = 00:00:09 ; elapsed = 00:00:09 . Memory (MB): peak = 2484.129 ; gain = 7.875 ; free physical = 3244 ; free virtual = 20650
---------------------------------------------------------------------------------
---------------------------------------------------------------------------------
Start Handling Custom Attributes
---------------------------------------------------------------------------------
---------------------------------------------------------------------------------
Finished Handling Custom Attributes : Time (s): cpu = 00:00:09 ; elapsed = 00:00:09 . Memory (MB): peak = 2484.129 ; gain = 7.875 ; free physical = 3244 ; free virtual = 20650
---------------------------------------------------------------------------------
---------------------------------------------------------------------------------
Start Renaming Generated Nets
---------------------------------------------------------------------------------
---------------------------------------------------------------------------------
Finished Renaming Generated Nets : Time (s): cpu = 00:00:09 ; elapsed = 00:00:09 . Memory (MB): peak = 2484.129 ; gain = 7.875 ; free physical = 3244 ; free virtual = 20650
---------------------------------------------------------------------------------
---------------------------------------------------------------------------------
Start Writing Synthesis Report
---------------------------------------------------------------------------------

Report BlackBoxes: 
+-+--------------+----------+
| |BlackBox name |Instances |
+-+--------------+----------+
+-+--------------+----------+

Report Cell Usage: 
+------+-----+------+
|      |Cell |Count |
+------+-----+------+
|1     |LUT1 |     1|
|2     |LUT2 |     5|
|3     |LUT3 |     5|
|4     |LUT4 |     7|
|5     |LUT5 |     7|
|6     |LUT6 |    10|
|7     |FDRE |    20|
+------+-----+------+

Report Instance Areas: 
+------+---------+---------+------+
|      |Instance |Module   |Cells |
+------+---------+---------+------+
|1     |top      |         |    55|
|2     |  U0     |vga_ctrl |    55|
+------+---------+---------+------+
---------------------------------------------------------------------------------
Finished Writing Synthesis Report : Time (s): cpu = 00:00:09 ; elapsed = 00:00:09 . Memory (MB): peak = 2484.129 ; gain = 7.875 ; free physical = 3244 ; free virtual = 20650
---------------------------------------------------------------------------------
Synthesis finished with 0 errors, 0 critical warnings and 0 warnings.
Synthesis Optimization Runtime : Time (s): cpu = 00:00:09 ; elapsed = 00:00:09 . Memory (MB): peak = 2484.129 ; gain = 7.875 ; free physical = 3254 ; free virtual = 20660
Synthesis Optimization Complete : Time (s): cpu = 00:00:09 ; elapsed = 00:00:09 . Memory (MB): peak = 2484.137 ; gain = 7.875 ; free physical = 3254 ; free virtual = 20660
INFO: [Project 1-571] Translating synthesized netlist
Netlist sorting complete. Time (s): cpu = 00:00:00 ; elapsed = 00:00:00 . Memory (MB): peak = 2484.137 ; gain = 0.000 ; free physical = 3333 ; free virtual = 20739
INFO: [Project 1-570] Preparing netlist for logic optimization
INFO: [Opt 31-138] Pushed 0 inverter(s) to 0 load pin(s).
Netlist sorting complete. Time (s): cpu = 00:00:00 ; elapsed = 00:00:00 . Memory (MB): peak = 2540.156 ; gain = 0.000 ; free physical = 3251 ; free virtual = 20657
INFO: [Project 1-111] Unisim Transformation Summary:
No Unisim elements were transformed.

Synth Design complete, checksum: 6c73bf07
INFO: [Common 17-83] Releasing license: Synthesis
18 Infos, 0 Warnings, 0 Critical Warnings and 0 Errors encountered.
synth_design completed successfully
synth_design: Time (s): cpu = 00:00:15 ; elapsed = 00:00:11 . Memory (MB): peak = 2540.156 ; gain = 64.031 ; free physical = 3412 ; free virtual = 20819
INFO: [Timing 38-35] Done setting XDC timing constraints.
INFO: [Common 17-1381] The checkpoint '/home/user/Downloads/Final_Project/Final_Project.runs/bowling_game_vga_ctrl_0_0_synth_1/bowling_game_vga_ctrl_0_0.dcp' has been generated.
write_checkpoint: Time (s): cpu = 00:00:05 ; elapsed = 00:00:05 . Memory (MB): peak = 2699.016 ; gain = 158.859 ; free physical = 2801 ; free virtual = 20207
INFO: [Coretcl 2-1648] Added synthesis output to IP cache for IP bowling_game_vga_ctrl_0_0, cache-ID = fffcfbe3488b1910
INFO: [Common 17-1381] The checkpoint '/home/user/Downloads/Final_Project/Final_Project.runs/bowling_game_vga_ctrl_0_0_synth_1/bowling_game_vga_ctrl_0_0.dcp' has been generated.
INFO: [runtcl-4] Executing : report_utilization -file bowling_game_vga_ctrl_0_0_utilization_synth.rpt -pb bowling_game_vga_ctrl_0_0_utilization_synth.pb
INFO: [Common 17-206] Exiting Vivado at Mon Apr 24 16:32:49 2023...
